Fetching market data @ 2021-08-10T02:44:40-05:00 ...

Order has taker fees, payable in TAKER asset: WETH
Order has taker fees, payable in TAKER asset: WETH
Order has taker fees, payable in TAKER asset: WETH
Order has taker fees, payable in TAKER asset: WETH
Order has taker fees, payable in TAKER asset: WETH
Order has taker fees, payable in TAKER asset: WETH
Order has taker fees, payable in TAKER asset: WETH
Order has taker fees, payable in TAKER asset: WETH
Order has taker fees, payable in TAKER asset: WETH
Order has taker fees, payable in TAKER asset: WETH
Order has taker fees, payable in TAKER asset: WETH
Order has taker fees, payable in TAKER asset: WETH
SKIP order taker asset left less than 0.01
SKIP order taker asset left less than 0.01
SKIP order taker asset left less than 0.01
SKIP order taker asset left less than 0.01
SKIP order taker asset left less than 0.01
SKIP order taker asset left less than 0.01
Order taker asset remaining: 131.586715500532939247
Order has taker fees, payable in TAKER asset: DAI
Order has taker fees, payable in TAKER asset: DAI
Order has taker fees, payable in TAKER asset: DAI
Order has taker fees, payable in TAKER asset: DAI
Order has taker fees, payable in TAKER asset: DAI
Order has taker fees, payable in TAKER asset: DAI
Order has taker fees, payable in TAKER asset: DAI
Order has taker fees, payable in TAKER asset: DAI
Order has taker fees, payable in TAKER asset: DAI
Order has taker fees, payable in TAKER asset: DAI
Order has taker fees, payable in TAKER asset: DAI
Order has taker fees, payable in TAKER asset: DAI
Order has taker fees, payable in TAKER asset: DAI
Order has taker fees, payable in TAKER asset: DAI
Order has taker fees, payable in TAKER asset: DAI
Order has taker fees, payable in TAKER asset: DAI
SKIP order taker asset left less than 0.01
Order has taker fees, payable in TAKER asset: USDC
Order has taker fees, payable in TAKER asset: USDC
Order has taker fees, payable in TAKER asset: USDC
Order has taker fees, payable in TAKER asset: USDC
Order has taker fees, payable in TAKER asset: USDC
Order has taker fees, payable in TAKER asset: USDC
Order has taker fees, payable in TAKER asset: USDC
Order has taker fees, payable in TAKER asset: USDC
Order has taker fees, payable in TAKER asset: USDC
Order has taker fees, payable in TAKER asset: USDC
Order has taker fees, payable in TAKER asset: USDC
Order has taker fees, payable in TAKER asset: USDC
Order has taker fees, payable in TAKER asset: USDC
Order has taker fees, payable in TAKER asset: USDC
Order has taker fees, payable in TAKER asset: USDC
Order has taker fees, payable in TAKER asset: USDC
Order has taker fees, payable in TAKER asset: USDC
Order has taker fees, payable in TAKER asset: USDC
Order has taker fees, payable in TAKER asset: USDC
Order has taker fees, payable in TAKER asset: USDC
Order has maker fee
Order has taker fees, payable in TAKER asset: WETH
Order has taker fees, payable in TAKER asset: WETH
Fetching market data @ 2021-08-10T02:45:07-05:00 ...

Fetching market data @ 2021-08-10T02:45:16-05:00 ...

Fetching market data @ 2021-08-10T02:45:25-05:00 ...

Fetching market data @ 2021-08-10T02:45:34-05:00 ...

Fetching market data @ 2021-08-10T02:45:43-05:00 ...

Fetching market data @ 2021-08-10T02:45:52-05:00 ...

Fetching market data @ 2021-08-10T02:46:01-05:00 ...

Fetching market data @ 2021-08-10T02:46:10-05:00 ...

Fetching market data @ 2021-08-10T02:46:19-05:00 ...

Fetching market data @ 2021-08-10T02:46:28-05:00 ...

Fetching market data @ 2021-08-10T02:46:37-05:00 ...

Fetching market data @ 2021-08-10T02:46:46-05:00 ...

